<?xml version="1.0" encoding="UTF-8"?>
<!-- Generated by org.testng.reporters.JUnitReportReporter -->
<testsuite hostname="SHIVA-PC" failures="0" tests="1" name="executions.MyExecutionClass" time="16.138" errors="0" timestamp="2023-08-16T12:18:55 IST" skipped="0">
  <testcase classname="executions.MyExecutionClass" name="f" time="16.138"/>
  <system-out/>
</testsuite> <!-- executions.MyExecutionClass -->
